make all --print-data-base --no-builtin-variables --no-builtin-rules --question
make -C ./libs/libft
 
# make[1]: Entering directory '/nfs/homes/alprival/so_long_rendu/libs/libft'
# GNU Make 4.3
# Built for x86_64-unknown-linux-gnu
# Copyright (C) 1988-2020 Free Software Foundation, Inc.
# License GPLv3+: GNU GPL version 3 or later <http://gnu.org/licenses/gpl.html>
# This is free software: you are free to change and redistribute it.
# There is NO WARRANTY, to the extent permitted by law.

# Make data base, printed on Wed Jun 29 21:31:19 2022

# Variables

# makefile (from 'Makefile', line 62)
OBJ = $(SRC:.c=.o)
# environment
GDK_BACKEND = x11
# environment
LC_ALL = C
# makefile (from 'Makefile', line 15)
SRC = ft_calloc.c ft_isascii.c ft_itoa.c ft_memcmp.c ft_memset.c ft_putnbr_fd.c ft_strchr.c ft_strlcpy.c ft_strncmp.c ft_strtrim.c ft_toupper.c ft_atoi.c ft_isalnum.c ft_isdigit.c ft_memcpy.c ft_putchar_fd.c ft_putstr_fd.c ft_strdup.c ft_strjoin.c ft_strlen.c ft_strnstr.c ft_substr.c ft_bzero.c ft_isalpha.c ft_isprint.c ft_memchr.c ft_memmove.c ft_putendl_fd.c ft_split.c ft_striteri.c ft_strlcat.c ft_strmapi.c ft_strrchr.c ft_tolower.c get_next_line.c get_next_line_utils.c 
# environment
PULSE_SERVER = unix:/run/flatpak/pulse/native
# environment
GJS_DEBUG_OUTPUT = stderr
# environment
VSCODE_IPC_HOOK_EXTHOST = /run/user/101021/vscode-ipc-5b604388-a84a-40f2-a1ca-259a14be1317.sock
# environment
SBX_CHROME_API_RQ = 1
# environment
VSCODE_CWD = /nfs/homes/alprival
# environment
GDM_LANG = en
# default
MAKE_COMMAND := make
# environment
QT_ACCESSIBILITY = 1
# automatic
@D = $(patsubst %/,%,$(dir $@))
# environment
VSCODE_HANDLES_UNCAUGHT_ERRORS = true
# default
.VARIABLES := 
# environment
PWD = /nfs/homes/alprival/so_long_rendu
# environment
ZYPAK_ZYGOTE_STRATEGY_SPAWN = 1
# automatic
%D = $(patsubst %/,%,$(dir $%))
# environment
GI_TYPELIB_PATH = /app/lib/girepository-1.0
# environment
XDG_DATA_DIRS = /app/share:/usr/share:/usr/share/runtime/share:/run/host/user-share:/run/host/share
# automatic
^D = $(patsubst %/,%,$(dir $^))
# environment
VSCODE_LOG_STACK = false
# automatic
%F = $(notdir $%)
# environment
VSCODE_CODE_CACHE_PATH = /nfs/homes/alprival/.var/app/com.visualstudio.code/config/Code/CachedData/c3511e6c69bb39013c4a4b7b9566ec1ca73fc4d5
# environment
XDG_SESSION_PATH = /org/freedesktop/DisplayManager/Session47
# environment
LANG = C
# environment
XAUTHORITY = /run/flatpak/Xauthority
# default
.LOADED := 
# default
.INCLUDE_DIRS = /usr/include /usr/include
# environment
ALSA_CONFIG_DIR = /usr/share/alsa
# makefile
MAKEFLAGS = pqrRw
# environment
ZYPAK_SPAWN_LATEST_ON_REEXEC = 0
# makefile
CURDIR := /nfs/homes/alprival/so_long_rendu/libs/libft
# environment
VSCODE_PIPE_LOGGING = true
# environment
APPLICATION_INSIGHTS_NO_DIAGNOSTIC_CHANNEL = 1
# automatic
*D = $(patsubst %/,%,$(dir $*))
# environment
ZYPAK_LIB = /app/bin/../lib
# environment
MFLAGS = -pqrRw
# environment
SSH_AUTH_SOCK = /run/flatpak/ssh-auth
# default
.SHELLFLAGS := -c
# environment
XDG_CONFIG_DIRS = /app/etc/xdg:/etc/xdg
# automatic
+D = $(patsubst %/,%,$(dir $+))
# environment
ALSA_CONFIG_PATH = /usr/share/alsa/alsa-flatpak.conf
# environment
XDG_SESSION_DESKTOP = ubuntu
# makefile (from 'Makefile', line 1)
MAKEFILE_LIST := Makefile
# environment
FLATPAK_SANDBOX_DIR = /nfs/homes/alprival/.var/app/com.visualstudio.code/sandbox
# automatic
@F = $(notdir $@)
# environment
VSCODE_VERBOSE_LOGGING = true
# environment
VSCODE_PID = 23
# environment
KRB5CCNAME = FILE:/tmp/krb5cc_101021_EoDhJa
# environment
XDG_SESSION_TYPE = x11
# automatic
?D = $(patsubst %/,%,$(dir $?))
# environment
AT_SPI_BUS_ADDRESS = unix:path=/run/flatpak/at-spi-bus
# environment
XDG_DATA_HOME = /nfs/homes/alprival/.var/app/com.visualstudio.code/data
# environment
SANDBOX_LD_PRELOAD = /app/bin/../lib/libzypak-preload-host.so:/app/bin/../lib/libzypak-preload-host-spawn-strategy.so
# environment
SESSION_MANAGER = local/1G2.42angouleme.fr:@/tmp/.ICE-unix/1005522,unix/1G2.42angouleme.fr:/tmp/.ICE-unix/1005522
# automatic
*F = $(notdir $*)
# environment
CHROME_DESKTOP = code-url-handler.desktop
# environment
DBUS_SESSION_BUS_ADDRESS = unix:path=/run/flatpak/bus
# automatic
<D = $(patsubst %/,%,$(dir $<))
# environment
VSCODE_NLS_CONFIG = {"locale":"en-us","availableLanguages":{},"_languagePackSupport":true}
# environment
__EGL_EXTERNAL_PLATFORM_CONFIG_DIRS = /etc/egl/egl_external_platform.d:/usr/lib/x86_64-linux-gnu/GL/egl/egl_external_platform.d:/usr/share/egl/egl_external_platform.d
# default
MAKE_HOST := x86_64-unknown-linux-gnu
# environment
GNOME_DESKTOP_SESSION_ID = this-is-deprecated
# makefile
SHELL = /bin/sh
# environment
XMODIFIERS = @im=ibus
# environment
LD_LIBRARY_PATH = /app/lib
# environment
GJS_DEBUG_TOPICS = JS ERROR;JS LOG
# environment
SANDBOX_LD_LIBRARY_PATH = /app/lib
# environment
SHLVL = 0
# environment
MAKELEVEL := 1
# default
MAKE = $(MAKE_COMMAND)
# environment
PATH = /app/bin:/app/bin:/app/bin:/usr/bin:/nfs/homes/alprival/.var/app/com.visualstudio.code/data/node_modules/bin
# default
MAKEFILES := 
# environment
LANGUAGE = en
# automatic
^F = $(notdir $^)
# environment
DBUS_SYSTEM_BUS_ADDRESS = unix:path=/run/dbus/system_bus_socket
# environment
XDG_CONFIG_HOME = /nfs/homes/alprival/.var/app/com.visualstudio.code/config
# environment
INVOCATION_ID = dec4181e4c854e99a31b31fec91e5503
# environment
VSCODE_LOG_NATIVE = false
# makefile (from 'Makefile', line 52)
SRCBS = ft_lstnew.c ft_lstadd_front.c ft_lstsize.c ft_lstlast.c ft_lstadd_back.c ft_lstdelone.c ft_lstclear.c ft_lstiter.c ft_lstmap.c 
# automatic
?F = $(notdir $?)
# makefile (from 'Makefile', line 13)
NAME = libft.a
# environment
XDG_CURRENT_DESKTOP = Unity
# automatic
+F = $(notdir $+)
# environment
XDG_SEAT_PATH = /org/freedesktop/DisplayManager/Seat0
# environment
DESKTOP_SESSION = ubuntu
# environment
GST_PLUGIN_SYSTEM_PATH = /app/lib/gstreamer-1.0:/usr/lib/extensions/gstreamer-1.0:/usr/lib/x86_64-linux-gnu/gstreamer-1.0
# environment
ORIGINAL_XDG_CURRENT_DESKTOP = ubuntu:GNOME
# 'override' directive
GNUMAKEFLAGS := 
# makefile (from 'Makefile', line 64)
OBJBS = $(SRCBS:.c=.o)
# environment
LOGNAME = alprival
# environment
container = flatpak
# environment
GIO_LAUNCHED_DESKTOP_FILE = /var/lib/flatpak/exports/share/applications/com.visualstudio.code.desktop
# makefile
.DEFAULT_GOAL := libft.a
# makefile (from 'Makefile', line 68)
RM = rm -f
# environment
NPM_CONFIG_GLOBALCONFIG = /app/etc/npmrc
# environment
GTK_MODULES = gail:atk-bridge
# environment
USER = alprival
# environment
DISPLAY = :99.0
# default
MAKE_VERSION := 4.3
# environment
MANAGERPID = 1005270
# environment
GIO_LAUNCHED_DESKTOP_FILE_PID = 1006251
# environment
SSH_AGENT_PID = 1005484
# environment
_ = /usr/bin/make
# environment
XDG_RUNTIME_DIR = /run/user/101021
# makefile (from 'Makefile', line 70)
CFLAGS = -Werror -Wextra -Wall 
# environment
GPG_AGENT_INFO = /run/user/101021/gnupg/S.gpg-agent:0:1
# environment
PULSE_CLIENTCONFIG = /run/flatpak/pulse/config
# environment
JOURNAL_STREAM = 9:16870546
# environment
XDG_SESSION_CLASS = user
# environment
VSCODE_AMD_ENTRYPOINT = vs/workbench/api/node/extensionHostProcess
# environment
HOME = /nfs/homes/alprival
# environment
QT_IM_MODULE = ibus
# environment
ELECTRON_RUN_AS_NODE = 1
# environment
VSCODE_IPC_HOOK = /run/user/101021/vscode-f40b4eae-1.67.2-main.sock
# environment
IM_CONFIG_PHASE = 1
# default
.RECIPEPREFIX := 
# automatic
<F = $(notdir $<)
# default
SUFFIXES := 
# environment
XDG_CACHE_HOME = /nfs/homes/alprival/.var/app/com.visualstudio.code/cache
# environment
VSCODE_CLI = 1
# environment
ELECTRON_NO_ATTACH_CONSOLE = 1
# environment
XDG_GREETER_DATA_DIR = /var/lib/lightdm-data/alprival
# default
.FEATURES := target-specific order-only second-expansion else-if shortest-stem undefine oneshell nocomment grouped-target extra-prereqs archives jobserver output-sync check-symlink load
# makefile (from 'Makefile', line 66)
CC = gcc -g
# environment
FLATPAK_ID = com.visualstudio.code
# environment
XDG_MENU_PREFIX = gnome-
# environment
ZYPAK_BIN = /app/bin
# environment
GDMSESSION = ubuntu
# variable set hash-table stats:
# Load=130/1024=13%, Rehash=0, Collisions=18/166=11%

# Pattern-specific Variable Values

# No pattern-specific variable values.

# Directories

# . (device 58, inode 59706204): 49 files, no impossibilities.

# 49 files, no impossibilities in 1 directories.

# Implicit Rules

# No implicit rules.

# Files
 
make[1]: *** No rule to make target 'ft_calloc.o', needed by 'libft.a'.  Stop.


# Not a target:
ft_isalpha.o:
#  Implicit rule search has not been done.
#  Modification time never checked.
#  File has not been updated.

# Not a target:
ft_strchr.o:
#  Implicit rule search has not been done.
#  Modification time never checked.
#  File has not been updated.

# Not a target:
ft_putstr_fd.o:
#  Implicit rule search has not been done.
#  Modification time never checked.
#  File has not been updated.

# Not a target:
ft_isprint.o:
#  Implicit rule search has not been done.
#  Modification time never checked.
#  File has not been updated.

libft.a: ft_calloc.o ft_isascii.o ft_itoa.o ft_memcmp.o ft_memset.o ft_putnbr_fd.o ft_strchr.o ft_strlcpy.o ft_strncmp.o ft_strtrim.o ft_toupper.o ft_atoi.o ft_isalnum.o ft_isdigit.o ft_memcpy.o ft_putchar_fd.o ft_putstr_fd.o ft_strdup.o ft_strjoin.o ft_strlen.o ft_strnstr.o ft_substr.o ft_bzero.o ft_isalpha.o ft_isprint.o ft_memchr.o ft_memmove.o ft_putendl_fd.o ft_split.o ft_striteri.o ft_strlcat.o ft_strmapi.o ft_strrchr.o ft_tolower.o get_next_line.o get_next_line_utils.o
#  Implicit rule search has not been done.
#  File does not exist.
#  File has not been updated.
#  recipe to execute (from 'Makefile', line 73):
	ar rcs libft.a $(OBJ)

# Not a target:
ft_lstmap.o:
#  Implicit rule search has not been done.
#  Modification time never checked.
#  File has not been updated.

# Not a target:
get_next_line_utils.o:
#  Implicit rule search has not been done.
#  Modification time never checked.
#  File has not been updated.

# Not a target:
get_next_line.o:
#  Implicit rule search has not been done.
#  Modification time never checked.
#  File has not been updated.

# Not a target:
ft_toupper.o:
#  Implicit rule search has not been done.
#  Modification time never checked.
#  File has not been updated.

# Not a target:
ft_isalnum.o:
#  Implicit rule search has not been done.
#  Modification time never checked.
#  File has not been updated.

# Not a target:
ft_putendl_fd.o:
#  Implicit rule search has not been done.
#  Modification time never checked.
#  File has not been updated.

# Not a target:
ft_lstsize.o:
#  Implicit rule search has not been done.
#  Modification time never checked.
#  File has not been updated.

# Not a target:
ft_striteri.o:
#  Implicit rule search has not been done.
#  Modification time never checked.
#  File has not been updated.

# Not a target:
Makefile:
#  Implicit rule search has been done.
#  Last modified 2022-06-01 20:31:15.980317
#  File has been updated.
#  Successfully updated.

# Not a target:
ft_strlen.o:
#  Implicit rule search has not been done.
#  Modification time never checked.
#  File has not been updated.

# Not a target:
ft_strnstr.o:
#  Implicit rule search has not been done.
#  Modification time never checked.
#  File has not been updated.

# Not a target:
ft_strmapi.o:
#  Implicit rule search has not been done.
#  Modification time never checked.
#  File has not been updated.

# Not a target:
ft_lstiter.o:
#  Implicit rule search has not been done.
#  Modification time never checked.
#  File has not been updated.

# Not a target:
ft_strdup.o:
#  Implicit rule search has not been done.
#  Modification time never checked.
#  File has not been updated.

# Not a target:
ft_lstadd_front.o:
#  Implicit rule search has not been done.
#  Modification time never checked.
#  File has not been updated.

# Not a target:
ft_lstadd_back.o:
#  Implicit rule search has not been done.
#  Modification time never checked.
#  File has not been updated.

bonus: ft_lstnew.o ft_lstadd_front.o ft_lstsize.o ft_lstlast.o ft_lstadd_back.o ft_lstdelone.o ft_lstclear.o ft_lstiter.o ft_lstmap.o
#  Implicit rule search has not been done.
#  Modification time never checked.
#  File has not been updated.
#  recipe to execute (from 'Makefile', line 76):
	ar rcs libft.a $(OBJBS)

# Not a target:
ft_lstclear.o:
#  Implicit rule search has not been done.
#  Modification time never checked.
#  File has not been updated.

clean:
#  Implicit rule search has not been done.
#  Modification time never checked.
#  File has not been updated.
#  recipe to execute (from 'Makefile', line 81):
	$(RM) $(OBJ) $(OBJBS)

# Not a target:
ft_itoa.o:
#  Implicit rule search has not been done.
#  Modification time never checked.
#  File has not been updated.

# Not a target:
ft_memset.o:
#  Implicit rule search has not been done.
#  Modification time never checked.
#  File has not been updated.

# Not a target:
ft_isascii.o:
#  Implicit rule search has not been done.
#  Modification time never checked.
#  File has not been updated.

# Not a target:
ft_memcpy.o:
#  Implicit rule search has not been done.
#  Modification time never checked.
#  File has not been updated.

# Not a target:
ft_strtrim.o:
#  Implicit rule search has not been done.
#  Modification time never checked.
#  File has not been updated.

# Not a target:
ft_lstnew.o:
#  Implicit rule search has not been done.
#  Modification time never checked.
#  File has not been updated.

re: fclean all
#  Implicit rule search has not been done.
#  Modification time never checked.
#  File has not been updated.

# Not a target:
ft_bzero.o:
#  Implicit rule search has not been done.
#  Modification time never checked.
#  File has not been updated.

# Not a target:
ft_putnbr_fd.o:
#  Implicit rule search has not been done.
#  Modification time never checked.
#  File has not been updated.

# Not a target:
ft_isdigit.o:
#  Implicit rule search has not been done.
#  Modification time never checked.
#  File has not been updated.

# Not a target:
ft_strjoin.o:
#  Implicit rule search has not been done.
#  Modification time never checked.
#  File has not been updated.

# Not a target:
ft_strlcat.o:
#  Implicit rule search has not been done.
#  Modification time never checked.
#  File has not been updated.

# Not a target:
.DEFAULT:
#  Implicit rule search has not been done.
#  Modification time never checked.
#  File has not been updated.

all: libft.a
#  Implicit rule search has not been done.
#  Modification time never checked.
#  File has not been updated.

fclean: clean
#  Implicit rule search has not been done.
#  Modification time never checked.
#  File has not been updated.
#  recipe to execute (from 'Makefile', line 84):
	$(RM) $(NAME)

# Not a target:
ft_memmove.o:
#  Implicit rule search has not been done.
#  Modification time never checked.
#  File has not been updated.

# Not a target:
ft_atoi.o:
#  Implicit rule search has not been done.
#  Modification time never checked.
#  File has not been updated.

# Not a target:
ft_strlcpy.o:
#  Implicit rule search has not been done.
#  Modification time never checked.
#  File has not been updated.

# Not a target:
ft_calloc.o:
#  Implicit rule search has been done.
#  File does not exist.
#  File has not been updated.

# Not a target:
ft_split.o:
#  Implicit rule search has not been done.
#  Modification time never checked.
#  File has not been updated.

# Not a target:
ft_memcmp.o:
#  Implicit rule search has not been done.
#  Modification time never checked.
#  File has not been updated.

# Not a target:
ft_lstdelone.o:
#  Implicit rule search has not been done.
#  Modification time never checked.
#  File has not been updated.

# Not a target:
ft_substr.o:
#  Implicit rule search has not been done.
#  Modification time never checked.
#  File has not been updated.

# Not a target:
ft_strrchr.o:
#  Implicit rule search has not been done.
#  Modification time never checked.
#  File has not been updated.

 
# Not a target:
ft_strncmp.o:
#  Implicit rule search has not been done.
#  Modification time never checked.
#  File has not been updated.

# Not a target:
ft_putchar_fd.o:
#  Implicit rule search has not been done.
#  Modification time never checked.
#  File has not been updated.

# Not a target:
ft_lstlast.o:
#  Implicit rule search has not been done.
#  Modification time never checked.
#  File has not been updated.

# Not a target:
ft_tolower.o:
#  Implicit rule search has not been done.
#  Modification time never checked.
#  File has not been updated.

# Not a target:
ft_memchr.o:
#  Implicit rule search has not been done.
#  Modification time never checked.
#  File has not been updated.

# files hash-table stats:
# Load=54/1024=5%, Rehash=0, Collisions=5/114=4%
# VPATH Search Paths

# No 'vpath' search paths.

# No general ('VPATH' variable) search path.

# strcache buffers: 1 (0) / strings = 104 / storage = 1297 B / avg = 12 B
# current buf: size = 8162 B / used = 1297 B / count = 104 / avg = 12 B

# strcache performance: lookups = 117 / hit rate = 11%
# hash-table stats:
# Load=104/8192=1%, Rehash=0, Collisions=2/117=2%
# Finished Make data base on Wed Jun 29 21:31:19 2022

# make[1]: Leaving directory '/nfs/homes/alprival/so_long_rendu/libs/libft'
# GNU Make 4.3
# Built for x86_64-unknown-linux-gnu
# Copyright (C) 1988-2020 Free Software Foundation, Inc.
# License GPLv3+: GNU GPL version 3 or later <http://gnu.org/licenses/gpl.html>
# This is free software: you are free to change and redistribute it.
# There is NO WARRANTY, to the extent permitted by law.

# Make data base, printed on Wed Jun 29 21:31:19 2022

# Variables

# environment
GDK_BACKEND = x11
# environment
LC_ALL = C
# environment
PULSE_SERVER = unix:/run/flatpak/pulse/native
# environment
GJS_DEBUG_OUTPUT = stderr
# environment
VSCODE_IPC_HOOK_EXTHOST = /run/user/101021/vscode-ipc-5b604388-a84a-40f2-a1ca-259a14be1317.sock
# environment
SBX_CHROME_API_RQ = 1
# environment
VSCODE_CWD = /nfs/homes/alprival
# makefile (from 'Makefile', line 2)
LIBFT_PATH = ./libs/libft
# environment
GDM_LANG = en
# default
MAKE_COMMAND := make
# environment
QT_ACCESSIBILITY = 1
# automatic
@D = $(patsubst %/,%,$(dir $@))
# environment
VSCODE_HANDLES_UNCAUGHT_ERRORS = true
# default
.VARIABLES := 
# environment
PWD = /nfs/homes/alprival/so_long_rendu
# environment
ZYPAK_ZYGOTE_STRATEGY_SPAWN = 1
# automatic
%D = $(patsubst %/,%,$(dir $%))
# environment
GI_TYPELIB_PATH = /app/lib/girepository-1.0
# environment
XDG_DATA_DIRS = /app/share:/usr/share:/usr/share/runtime/share:/run/host/user-share:/run/host/share
# automatic
^D = $(patsubst %/,%,$(dir $^))
# environment
VSCODE_LOG_STACK = false
# automatic
%F = $(notdir $%)
# environment
VSCODE_CODE_CACHE_PATH = /nfs/homes/alprival/.var/app/com.visualstudio.code/config/Code/CachedData/c3511e6c69bb39013c4a4b7b9566ec1ca73fc4d5
# environment
XDG_SESSION_PATH = /org/freedesktop/DisplayManager/Session47
# makefile (from 'Makefile', line 3)
LIBFT = $(LIBFT_PATH)/libft.a
# environment
LANG = C
# environment
XAUTHORITY = /run/flatpak/Xauthority
# default
.LOADED := 
# default
.INCLUDE_DIRS = /usr/include /usr/include
# environment
ALSA_CONFIG_DIR = /usr/share/alsa
# makefile
MAKEFLAGS = pqrR
# environment
ZYPAK_SPAWN_LATEST_ON_REEXEC = 0
# makefile
CURDIR := /nfs/homes/alprival/so_long_rendu
# environment
VSCODE_PIPE_LOGGING = true
# environment
APPLICATION_INSIGHTS_NO_DIAGNOSTIC_CHANNEL = 1
# automatic
*D = $(patsubst %/,%,$(dir $*))
# environment
ZYPAK_LIB = /app/bin/../lib
# environment
MFLAGS = -pqrR
# environment
SSH_AUTH_SOCK = /run/flatpak/ssh-auth
# default
.SHELLFLAGS := -c
# environment
XDG_CONFIG_DIRS = /app/etc/xdg:/etc/xdg
# automatic
+D = $(patsubst %/,%,$(dir $+))
# environment
ALSA_CONFIG_PATH = /usr/share/alsa/alsa-flatpak.conf
# environment
XDG_SESSION_DESKTOP = ubuntu
# makefile (from 'Makefile', line 1)
MAKEFILE_LIST := Makefile
# environment
FLATPAK_SANDBOX_DIR = /nfs/homes/alprival/.var/app/com.visualstudio.code/sandbox
# automatic
@F = $(notdir $@)
# environment
VSCODE_VERBOSE_LOGGING = true
# makefile (from 'Makefile', line 6)
MINILIBX = $(MINILIBX_PATH)/libmlx.a
# environment
VSCODE_PID = 23
# environment
KRB5CCNAME = FILE:/tmp/krb5cc_101021_EoDhJa
# environment
XDG_SESSION_TYPE = x11
# automatic
?D = $(patsubst %/,%,$(dir $?))
# environment
AT_SPI_BUS_ADDRESS = unix:path=/run/flatpak/at-spi-bus
# environment
XDG_DATA_HOME = /nfs/homes/alprival/.var/app/com.visualstudio.code/data
# environment
SANDBOX_LD_PRELOAD = /app/bin/../lib/libzypak-preload-host.so:/app/bin/../lib/libzypak-preload-host-spawn-strategy.so
# environment
SESSION_MANAGER = local/1G2.42angouleme.fr:@/tmp/.ICE-unix/1005522,unix/1G2.42angouleme.fr:/tmp/.ICE-unix/1005522
# automatic
*F = $(notdir $*)
# environment
CHROME_DESKTOP = code-url-handler.desktop
# environment
DBUS_SESSION_BUS_ADDRESS = unix:path=/run/flatpak/bus
# automatic
<D = $(patsubst %/,%,$(dir $<))
# environment
VSCODE_NLS_CONFIG = {"locale":"en-us","availableLanguages":{},"_languagePackSupport":true}
# environment
__EGL_EXTERNAL_PLATFORM_CONFIG_DIRS = /etc/egl/egl_external_platform.d:/usr/lib/x86_64-linux-gnu/GL/egl/egl_external_platform.d:/usr/share/egl/egl_external_platform.d
# default
MAKE_HOST := x86_64-unknown-linux-gnu
# environment
GNOME_DESKTOP_SESSION_ID = this-is-deprecated
# makefile
SHELL = /bin/sh
# default
MAKECMDGOALS := all
# environment
XMODIFIERS = @im=ibus
# environment
LD_LIBRARY_PATH = /app/lib
# environment
GJS_DEBUG_TOPICS = JS ERROR;JS LOG
# environment
SANDBOX_LD_LIBRARY_PATH = /app/lib
# environment
SHLVL = 0
# environment
MAKELEVEL := 0
# default
MAKE = $(MAKE_COMMAND)
# environment
PATH = /app/bin:/app/bin:/app/bin:/usr/bin:/nfs/homes/alprival/.var/app/com.visualstudio.code/data/node_modules/bin
# default
MAKEFILES := 
# environment
LANGUAGE = en
# automatic
^F = $(notdir $^)
# environment
DBUS_SYSTEM_BUS_ADDRESS = unix:path=/run/dbus/system_bus_socket
# makefile (from 'Makefile', line 58)
HEADER = $(SOURCES_DIR)/so_long.h
# environment
XDG_CONFIG_HOME = /nfs/homes/alprival/.var/app/com.visualstudio.code/config
# environment
INVOCATION_ID = dec4181e4c854e99a31b31fec91e5503
# environment
VSCODE_LOG_NATIVE = false
# automatic
?F = $(notdir $?)
# makefile (from 'Makefile', line 64)
NAME = srcs/so_long
# environment
XDG_CURRENT_DESKTOP = Unity
# automatic
+F = $(notdir $+)
# environment
XDG_SEAT_PATH = /org/freedesktop/DisplayManager/Seat0
# environment
DESKTOP_SESSION = ubuntu
# environment
GST_PLUGIN_SYSTEM_PATH = /app/lib/gstreamer-1.0:/usr/lib/extensions/gstreamer-1.0:/usr/lib/x86_64-linux-gnu/gstreamer-1.0
# environment
ORIGINAL_XDG_CURRENT_DESKTOP = ubuntu:GNOME
# makefile (from 'Makefile', line 62)
OBJECTS = $(SOURCES:.c=.o)
# 'override' directive
GNUMAKEFLAGS := 
# makefile (from 'Makefile', line 70)
MLXFLAGS = -L./libs/mlx -lmlx -L/usr/include/../lib -lXext -lX11 -lm -Llibs/libft/ -lft
# environment
LOGNAME = alprival
# makefile (from 'Makefile', line 8)
GNL_PATH = ./libs/get_next_line
# environment
container = flatpak
# environment
GIO_LAUNCHED_DESKTOP_FILE = /var/lib/flatpak/exports/share/applications/com.visualstudio.code.desktop
# makefile
.DEFAULT_GOAL := all
# makefile (from 'Makefile', line 67)
RM = rm -f
# makefile (from 'Makefile', line 10)
SOURCES_FILES = so_long.c ft_structure_tree.c ft_structure_biomes.c ft_structure_dungeon.c ft_structure_sb.c ft_structure_water.c ft_structure_plains.c ft_structure_boss.c ft_mob_mouvement.c ft_structure_ws.c ft_init_texture_mobs.c ft_init_texture_map_three.c ft_init_texture_map.c ft_init_texture_map_two.c ft_init_texture_character.c ft_mob_attack.c ft_check_player_mob.c ft_move_textures.c ft_move_check.c ft_check_texture_two.c ft_move_ground.c ft_move_texture_chest.c ft_init_texture_map_four.c ft_move.c ft_animation_player.c ft_animation_player_two.c ft_dungeon.c ft_structure_biomes_two.c ft_slime.c ft_spirit.c ft_skeleton.c ft_init_boss.c ft_boss_spawn.c ft_init_boss_death.c ft_boss.c ft_destroy_image_one.c ft_destroy_image_two.c ft_wall_init.c ft_map_animation_parsing.c ft_check_texture.c ft_parse_texture_map.c ft_parsing.c ft_road_grass_slimebiome.c ft_error.c 
# environment
NPM_CONFIG_GLOBALCONFIG = /app/etc/npmrc
# environment
GTK_MODULES = gail:atk-bridge
# environment
USER = alprival
# environment
DISPLAY = :99.0
# default
MAKE_VERSION := 4.3
# environment
MANAGERPID = 1005270
# environment
GIO_LAUNCHED_DESKTOP_FILE_PID = 1006251
# makefile (from 'Makefile', line 55)
SOURCES_DIR = srcs
# environment
SSH_AGENT_PID = 1005484
# environment
_ = /usr/bin/make
# makefile (from 'Makefile', line 5)
MINILIBX_PATH = ./libs/mlx
# environment
XDG_RUNTIME_DIR = /run/user/101021
# makefile (from 'Makefile', line 69)
CFLAGS = -g 
# environment
GPG_AGENT_INFO = /run/user/101021/gnupg/S.gpg-agent:0:1
# environment
PULSE_CLIENTCONFIG = /run/flatpak/pulse/config
# environment
JOURNAL_STREAM = 9:16870546
 
make: *** [Makefile:83: libs/libft/libft.a] Error 2

# environment
XDG_SESSION_CLASS = user
# environment
VSCODE_AMD_ENTRYPOINT = vs/workbench/api/node/extensionHostProcess
# environment
HOME = /nfs/homes/alprival
# environment
QT_IM_MODULE = ibus
# environment
ELECTRON_RUN_AS_NODE = 1
# environment
VSCODE_IPC_HOOK = /run/user/101021/vscode-f40b4eae-1.67.2-main.sock
# environment
IM_CONFIG_PHASE = 1
# default
.RECIPEPREFIX := 
# automatic
<F = $(notdir $<)
# default
SUFFIXES := 
# environment
XDG_CACHE_HOME = /nfs/homes/alprival/.var/app/com.visualstudio.code/cache
# environment
VSCODE_CLI = 1
# environment
ELECTRON_NO_ATTACH_CONSOLE = 1
# environment
XDG_GREETER_DATA_DIR = /var/lib/lightdm-data/alprival
# default
.FEATURES := target-specific order-only second-expansion else-if shortest-stem undefine oneshell nocomment grouped-target extra-prereqs archives jobserver output-sync check-symlink load
# makefile (from 'Makefile', line 66)
CC = gcc
# environment
FLATPAK_ID = com.visualstudio.code
# makefile (from 'Makefile', line 60)
SOURCES = $(addprefix $(SOURCES_DIR)/, $(SOURCES_FILES))
# environment
XDG_MENU_PREFIX = gnome-
# makefile (from 'Makefile', line 56)
BONUS_DIR = srcs_bonus
# environment
ZYPAK_BIN = /app/bin
# environment
GDMSESSION = ubuntu
# variable set hash-table stats:
# Load=139/1024=14%, Rehash=0, Collisions=23/190=12%

# Pattern-specific Variable Values

# No pattern-specific variable values.

# Directories

# . (device 58, inode 59544405): 8 files, no impossibilities.

# 8 files, no impossibilities in 1 directories.

# Implicit Rules

%.o: %.c
#  recipe to execute (from 'Makefile', line 73):
				$(CC) $(CFLAGS) -c $< -o $@
				

# 1 implicit rules, 0 (0.0%) terminal.
# Files

# Not a target:
srcs/ft_boss.o:
#  Implicit rule search has not been done.
#  Modification time never checked.
#  File has not been updated.

# Not a target:
srcs/ft_animation_player_two.o:
#  Implicit rule search has not been done.
#  Modification time never checked.
#  File has not been updated.

# Not a target:
srcs/ft_parse_texture_map.o:
#  Implicit rule search has not been done.
#  Modification time never checked.
#  File has not been updated.

# Not a target:
srcs/ft_structure_ws.o:
#  Implicit rule search has not been done.
#  Modification time never checked.
#  File has not been updated.

srcs/so_long: libs/libft/libft.a libs/mlx/libmlx.a srcs/so_long.o srcs/ft_structure_tree.o srcs/ft_structure_biomes.o srcs/ft_structure_dungeon.o srcs/ft_structure_sb.o srcs/ft_structure_water.o srcs/ft_structure_plains.o srcs/ft_structure_boss.o srcs/ft_mob_mouvement.o srcs/ft_structure_ws.o srcs/ft_init_texture_mobs.o srcs/ft_init_texture_map_three.o srcs/ft_init_texture_map.o srcs/ft_init_texture_map_two.o srcs/ft_init_texture_character.o srcs/ft_mob_attack.o srcs/ft_check_player_mob.o srcs/ft_move_textures.o srcs/ft_move_check.o srcs/ft_check_texture_two.o srcs/ft_move_ground.o srcs/ft_move_texture_chest.o srcs/ft_init_texture_map_four.o srcs/ft_move.o srcs/ft_animation_player.o srcs/ft_animation_player_two.o srcs/ft_dungeon.o srcs/ft_structure_biomes_two.o srcs/ft_slime.o srcs/ft_spirit.o srcs/ft_skeleton.o srcs/ft_init_boss.o srcs/ft_boss_spawn.o srcs/ft_init_boss_death.o srcs/ft_boss.o srcs/ft_destroy_image_one.o srcs/ft_destroy_image_two.o srcs/ft_wall_init.o srcs/ft_map_animation_parsing.o srcs/ft_check_texture.o srcs/ft_parse_texture_map.o srcs/ft_parsing.o srcs/ft_road_grass_slimebiome.o srcs/ft_error.o srcs/so_long.h
#  Implicit rule search has not been done.
#  File does not exist.
#  File has not been updated.
# variable set hash-table stats:
# Load=0/32=0%, Rehash=0, Collisions=0/6=0%
#  recipe to execute (from 'Makefile', line 80):
				$(CC) $(CFLAGS) $(OBJECTS) $(MLXFLAGS) -o $(NAME)

# Not a target:
srcs/ft_init_boss.o:
#  Implicit rule search has not been done.
#  Modification time never checked.
#  File has not been updated.

libs/mlx/libmlx.a:
#  Implicit rule search has not been done.
#  Modification time never checked.
#  File has not been updated.
#  recipe to execute (from 'Makefile', line 86):
				$(MAKE) -C $(MINILIBX_PATH)

# Not a target:
srcs/ft_boss_spawn.o:
#  Implicit rule search has not been done.
#  Modification time never checked.
#  File has not been updated.

# Not a target:
srcs/ft_structure_dungeon.o:
#  Implicit rule search has not been done.
#  Modification time never checked.
#  File has not been updated.

# Not a target:
srcs/ft_skeleton.o:
#  Implicit rule search has not been done.
#  Modification time never checked.
#  File has not been updated.

# Not a target:
srcs/ft_move_texture_chest.o:
#  Implicit rule search has not been done.
#  Modification time never checked.
#  File has not been updated.

minilibx:
#  Phony target (prerequisite of .PHONY).
#  Implicit rule search has not been done.
#  File does not exist.
#  File has not been updated.

# Not a target:
srcs/ft_move.o:
#  Implicit rule search has not been done.
#  Modification time never checked.
#  File has not been updated.

# Not a target:
Makefile:
#  Implicit rule search has been done.
#  Last modified 2022-06-29 21:31:16.916457002
#  File has been updated.
#  Successfully updated.

# Not a target:
srcs/ft_structure_biomes.o:
#  Implicit rule search has not been done.
#  Modification time never checked.
#  File has not been updated.

# Not a target:
srcs/ft_init_texture_map.o:
#  Implicit rule search has not been done.
#  Modification time never checked.
#  File has not been updated.

# Not a target:
srcs/ft_init_texture_map_three.o:
#  Implicit rule search has not been done.
#  Modification time never checked.
#  File has not been updated.

# Not a target:
srcs/ft_wall_init.o:
#  Implicit rule search has not been done.
#  Modification time never checked.
#  File has not been updated.

# Not a target:
srcs/so_long.o:
#  Implicit rule search has not been done.
#  Modification time never checked.
#  File has not been updated.

bonus:
#  Phony target (prerequisite of .PHONY).
#  Implicit rule search has not been done.
#  File does not exist.
#  File has not been updated.

clean:
#  Phony target (prerequisite of .PHONY).
#  Implicit rule search has not been done.
#  File does not exist.
#  File has not been updated.
#  recipe to execute (from 'Makefile', line 89):
				$(MAKE) -C $(LIBFT_PATH) clean
				$(MAKE) -C $(MINILIBX_PATH) clean
				$(RM) $(OBJECTS) $(OBJECTS_BONUS)

re: fclean all
#  Phony target (prerequisite of .PHONY).
#  Implicit rule search has not been done.
#  File does not exist.
#  File has not been updated.

# Not a target:
srcs/ft_road_grass_slimebiome.o:
#  Implicit rule search has not been done.
#  Modification time never checked.
#  File has not been updated.

# Not a target:
srcs/ft_mob_mouvement.o:
#  Implicit rule search has not been done.
#  Modification time never checked.
#  File has not been updated.

# Not a target:
srcs/ft_structure_boss.o:
#  Implicit rule search has not been done.
#  Modification time never checked.
#  File has not been updated.

libs/libft/libft.a:
#  Implicit rule search has not been done.
#  Implicit/static pattern stem: ''
#  Modification time never checked.
#  File has been updated.
#  Failed to be updated.
# automatic
# @ := libs/libft/libft.a
# automatic
# * := 
# automatic
# < := 
# automatic
# + := 
# automatic
# % := 
# automatic
# ^ := 
# automatic
# ? := 
# automatic
# | := 
# variable set hash-table stats:
# Load=8/32=25%, Rehash=0, Collisions=2/14=14%
#  recipe to execute (from 'Makefile', line 83):
				$(MAKE) -C $(LIBFT_PATH)

# Not a target:
srcs/ft_init_texture_map_two.o:
#  Implicit rule search has not been done.
#  Modification time never checked.
#  File has not been updated.

# Not a target:
srcs/ft_parsing.o:
#  Implicit rule search has not been done.
#  Modification time never checked.
#  File has not been updated.

# Not a target:
srcs/ft_slime.o:
#  Implicit rule search has not been done.
#  Modification time never checked.
#  File has not been updated.

# Not a target:
.DEFAULT:
#  Implicit rule search has not been done.
#  Modification time never checked.
#  File has not been updated.

all: srcs/so_long
#  Phony target (prerequisite of .PHONY).
#  Command line target.
#  Implicit rule search has not been done.
#  File does not exist.
#  File has not been updated.
# variable set hash-table stats:
 
# Load=0/32=0%, Rehash=0, Collisions=0/6=0%

fclean: clean
#  Phony target (prerequisite of .PHONY).
#  Implicit rule search has not been done.
#  File does not exist.
#  File has not been updated.
#  recipe to execute (from 'Makefile', line 94):
				$(MAKE) -C $(LIBFT_PATH) fclean
				$(RM) $(NAME) $(NAME_BONUS)

# Not a target:
srcs/ft_structure_tree.o:
#  Implicit rule search has not been done.
#  Modification time never checked.
#  File has not been updated.

# Not a target:
srcs/ft_check_texture.o:
#  Implicit rule search has not been done.
#  Modification time never checked.
#  File has not been updated.

# Not a target:
srcs/ft_check_player_mob.o:
#  Implicit rule search has not been done.
#  Modification time never checked.
#  File has not been updated.

# Not a target:
srcs/ft_dungeon.o:
#  Implicit rule search has not been done.
#  Modification time never checked.
#  File has not been updated.

# Not a target:
srcs/ft_mob_attack.o:
#  Implicit rule search has not been done.
#  Modification time never checked.
#  File has not been updated.

# Not a target:
srcs/so_long.h:
#  Implicit rule search has not been done.
#  Modification time never checked.
#  File has not been updated.

# Not a target:
srcs/ft_structure_water.o:
#  Implicit rule search has not been done.
#  Modification time never checked.
#  File has not been updated.

# Not a target:
srcs/ft_move_ground.o:
#  Implicit rule search has not been done.
#  Modification time never checked.
#  File has not been updated.

# Not a target:
srcs/ft_init_texture_map_four.o:
#  Implicit rule search has not been done.
#  Modification time never checked.
#  File has not been updated.

# Not a target:
srcs/ft_destroy_image_two.o:
#  Implicit rule search has not been done.
#  Modification time never checked.
#  File has not been updated.

# Not a target:
srcs/ft_destroy_image_one.o:
#  Implicit rule search has not been done.
#  Modification time never checked.
#  File has not been updated.

# Not a target:
srcs/ft_init_texture_character.o:
#  Implicit rule search has not been done.
#  Modification time never checked.
#  File has not been updated.

# Not a target:
srcs/ft_map_animation_parsing.o:
#  Implicit rule search has not been done.
#  Modification time never checked.
#  File has not been updated.

# Not a target:
srcs/ft_structure_biomes_two.o:
#  Implicit rule search has not been done.
#  Modification time never checked.
#  File has not been updated.

libft:
#  Phony target (prerequisite of .PHONY).
#  Implicit rule search has not been done.
#  File does not exist.
#  File has not been updated.

# Not a target:
srcs/ft_move_check.o:
#  Implicit rule search has not been done.
#  Modification time never checked.
#  File has not been updated.

# Not a target:
srcs/ft_error.o:
#  Implicit rule search has not been done.
#  Modification time never checked.
#  File has not been updated.

# Not a target:
srcs/ft_init_boss_death.o:
#  Implicit rule search has not been done.
#  Modification time never checked.
#  File has not been updated.

# Not a target:
srcs/ft_move_textures.o:
#  Implicit rule search has not been done.
#  Modification time never checked.
#  File has not been updated.

# Not a target:
srcs/ft_animation_player.o:
#  Implicit rule search has not been done.
#  Modification time never checked.
#  File has not been updated.

# Not a target:
srcs/ft_structure_sb.o:
#  Implicit rule search has not been done.
#  Modification time never checked.
#  File has not been updated.

# Not a target:
.SUFFIXES:
#  Implicit rule search has not been done.
#  Modification time never checked.
#  File has not been updated.

.PHONY: all clean fclean re libft minilibx bonus
#  Implicit rule search has not been done.
#  Modification time never checked.
#  File has not been updated.

# Not a target:
srcs/ft_spirit.o:
#  Implicit rule search has not been done.
#  Modification time never checked.
#  File has not been updated.

# Not a target:
srcs/ft_init_texture_mobs.o:
#  Implicit rule search has not been done.
#  Modification time never checked.
#  File has not been updated.

# Not a target:
srcs/ft_check_texture_two.o:
#  Implicit rule search has not been done.
#  Modification time never checked.
#  File has not been updated.

# Not a target:
srcs/ft_structure_plains.o:
#  Implicit rule search has not been done.
#  Modification time never checked.
#  File has not been updated.

# files hash-table stats:
# Load=59/1024=6%, Rehash=0, Collisions=0/133=0%
# VPATH Search Paths

# No 'vpath' search paths.

# No general ('VPATH' variable) search path.

# strcache buffers: 1 (0) / strings = 69 / storage = 1275 B / avg = 18 B
# current buf: size = 8162 B / used = 1275 B / count = 69 / avg = 18 B

# strcache performance: lookups = 95 / hit rate = 27%
# hash-table stats:
# Load=69/8192=1%, Rehash=0, Collisions=0/95=0%
# Finished Make data base on Wed Jun 29 21:31:19 2022

 
