make all --print-data-base --no-builtin-variables --no-builtin-rules --question
# GNU Make 4.3
# Built for x86_64-unknown-linux-gnu
# Copyright (C) 1988-2020 Free Software Foundation, Inc.
# License GPLv3+: GNU GPL version 3 or later <http://gnu.org/licenses/gpl.html>
# This is free software: you are free to change and redistribute it.
# There is NO WARRANTY, to the extent permitted by law.

# Make data base, printed on Sat Jun 18 14:44:10 2022

# Variables

# environment
GDK_BACKEND = x11
# environment
LC_ALL = C
# environment
PULSE_SERVER = unix:/run/flatpak/pulse/native
# environment
GJS_DEBUG_OUTPUT = stderr
# environment
VSCODE_IPC_HOOK_EXTHOST = /run/user/101021/vscode-ipc-23d99d9a-ff9e-4d37-b9e8-3d51b15f2a9c.sock
# environment
SBX_CHROME_API_RQ = 1
# environment
VSCODE_CWD = /nfs/homes/alprival
# makefile (from 'Makefile', line 2)
LIBFT_PATH = ./libs/libft
# default
MAKE_COMMAND := make
# environment
QT_ACCESSIBILITY = 1
# automatic
@D = $(patsubst %/,%,$(dir $@))
# environment
VSCODE_HANDLES_UNCAUGHT_ERRORS = true
# default
.VARIABLES := 
# environment
PWD = /nfs/homes/alprival/so_long_rendu
# environment
ZYPAK_ZYGOTE_STRATEGY_SPAWN = 1
# automatic
%D = $(patsubst %/,%,$(dir $%))
# environment
GI_TYPELIB_PATH = /app/lib/girepository-1.0
# environment
XDG_DATA_DIRS = /app/share:/usr/share:/usr/share/runtime/share:/run/host/user-share:/run/host/share
# automatic
^D = $(patsubst %/,%,$(dir $^))
# environment
VSCODE_LOG_STACK = false
# automatic
%F = $(notdir $%)
# environment
VSCODE_CODE_CACHE_PATH = /nfs/homes/alprival/.var/app/com.visualstudio.code/config/Code/CachedData/57fd6d0195bb9b9d1b49f6da5db789060795de47
# environment
XDG_SESSION_PATH = /org/freedesktop/DisplayManager/Session25
 
# makefile (from 'Makefile', line 3)
LIBFT = $(LIBFT_PATH)/libft.a
# environment
LANG = C
# environment
XAUTHORITY = /run/flatpak/Xauthority
# default
.LOADED := 
# default
.INCLUDE_DIRS = /usr/include /usr/include
# environment
ALSA_CONFIG_DIR = /usr/share/alsa
# makefile
MAKEFLAGS = pqrR
# environment
ZYPAK_SPAWN_LATEST_ON_REEXEC = 0
# makefile
CURDIR := /nfs/homes/alprival/so_long_rendu
# environment
VSCODE_PIPE_LOGGING = true
# environment
APPLICATION_INSIGHTS_NO_DIAGNOSTIC_CHANNEL = 1
# automatic
*D = $(patsubst %/,%,$(dir $*))
# environment
ZYPAK_LIB = /app/bin/../lib
# environment
MFLAGS = -pqrR
# environment
SSH_AUTH_SOCK = /run/flatpak/ssh-auth
# default
.SHELLFLAGS := -c
# environment
XDG_CONFIG_DIRS = /app/etc/xdg:/etc/xdg
# automatic
+D = $(patsubst %/,%,$(dir $+))
# environment
ALSA_CONFIG_PATH = /usr/share/alsa/alsa-flatpak.conf
# environment
XDG_SESSION_DESKTOP = ubuntu
# makefile (from 'Makefile', line 1)
MAKEFILE_LIST := Makefile
# environment
FLATPAK_SANDBOX_DIR = /nfs/homes/alprival/.var/app/com.visualstudio.code/sandbox
# automatic
@F = $(notdir $@)
# environment
VSCODE_VERBOSE_LOGGING = true
# makefile (from 'Makefile', line 6)
MINILIBX = $(MINILIBX_PATH)/libmlx.a
# environment
VSCODE_PID = 23
# environment
KRB5CCNAME = FILE:/tmp/krb5cc_101021_eKkSdG
# environment
XDG_SESSION_TYPE = x11
# automatic
?D = $(patsubst %/,%,$(dir $?))
# environment
AT_SPI_BUS_ADDRESS = unix:path=/run/flatpak/at-spi-bus
# environment
XDG_DATA_HOME = /nfs/homes/alprival/.var/app/com.visualstudio.code/data
# environment
SANDBOX_LD_PRELOAD = /app/bin/../lib/libzypak-preload-host.so:/app/bin/../lib/libzypak-preload-host-spawn-strategy.so
# environment
SESSION_MANAGER = local/1H3.42angouleme.fr:@/tmp/.ICE-unix/1732824,unix/1H3.42angouleme.fr:/tmp/.ICE-unix/1732824
# automatic
*F = $(notdir $*)
# environment
CHROME_DESKTOP = code-url-handler.desktop
# environment
DBUS_SESSION_BUS_ADDRESS = unix:path=/run/flatpak/bus
# automatic
<D = $(patsubst %/,%,$(dir $<))
# environment
VSCODE_NLS_CONFIG = {"locale":"en-us","availableLanguages":{},"_languagePackSupport":true}
# environment
__EGL_EXTERNAL_PLATFORM_CONFIG_DIRS = /etc/egl/egl_external_platform.d:/usr/lib/x86_64-linux-gnu/GL/egl/egl_external_platform.d:/usr/share/egl/egl_external_platform.d
# default
MAKE_HOST := x86_64-unknown-linux-gnu
# environment
GNOME_DESKTOP_SESSION_ID = this-is-deprecated
# makefile
SHELL = /bin/sh
# default
MAKECMDGOALS := all
# environment
XMODIFIERS = @im=ibus
# environment
LD_LIBRARY_PATH = /app/lib
# environment
GJS_DEBUG_TOPICS = JS ERROR;JS LOG
# environment
SANDBOX_LD_LIBRARY_PATH = /app/lib
# environment
SHLVL = 0
# environment
MAKELEVEL := 0
# default
MAKE = $(MAKE_COMMAND)
# environment
PATH = /app/bin:/app/bin:/app/bin:/usr/bin:/nfs/homes/alprival/.var/app/com.visualstudio.code/data/node_modules/bin
# default
MAKEFILES := 
# automatic
^F = $(notdir $^)
# environment
DBUS_SYSTEM_BUS_ADDRESS = unix:path=/run/dbus/system_bus_socket
# makefile (from 'Makefile', line 37)
HEADER = $(SOURCES_DIR)/so_long.h
# environment
XDG_CONFIG_HOME = /nfs/homes/alprival/.var/app/com.visualstudio.code/config
# environment
INVOCATION_ID = 61afbba399c94acfb8c2934e17fbe09f
# environment
VSCODE_LOG_NATIVE = false
# automatic
?F = $(notdir $?)
# makefile (from 'Makefile', line 43)
NAME = srcs/so_long
# environment
XDG_CURRENT_DESKTOP = Unity
# automatic
+F = $(notdir $+)
# environment
XDG_SEAT_PATH = /org/freedesktop/DisplayManager/Seat0
# environment
DESKTOP_SESSION = ubuntu
# environment
GST_PLUGIN_SYSTEM_PATH = /app/lib/gstreamer-1.0:/usr/lib/extensions/gstreamer-1.0:/usr/lib/x86_64-linux-gnu/gstreamer-1.0
# environment
ORIGINAL_XDG_CURRENT_DESKTOP = ubuntu:GNOME
# makefile (from 'Makefile', line 41)
OBJECTS = $(SOURCES:.c=.o)
# 'override' directive
GNUMAKEFLAGS := 
# makefile (from 'Makefile', line 49)
MLXFLAGS = -L./libs/mlx -lmlx -L/usr/include/../lib -lXext -lX11 -lm -Llibs/libft/ -lft
# environment
LOGNAME = alprival
# makefile (from 'Makefile', line 8)
GNL_PATH = ./libs/get_next_line
# environment
container = flatpak
# environment
GIO_LAUNCHED_DESKTOP_FILE = /var/lib/flatpak/exports/share/applications/com.visualstudio.code.desktop
# makefile
.DEFAULT_GOAL := all
# makefile (from 'Makefile', line 46)
RM = rm -f
# makefile (from 'Makefile', line 10)
SOURCES_FILES = so_long.c ft_parsing.c ft_structure_tree.c ft_structure_biomes.c ft_move_textures.c ft_move_check.c ft_init_texture_map.c ft_init_texture_map_two.c ft_init_texture_character.c ft_animation_player.c ft_init_texture_mobs.c ft_destroy_image_one.c ft_destroy_image_two.c ft_stone_wall_init.c ft_wall_init.c ft_check_texture.c ft_parse_texture_map.c ft_slimbiome_init.c ft_water_init.c ft_plains_init.c ft_init_texture_map_three.c ft_move_texture_chest.c ft_road_grass_slimebiome.c 
# environment
NPM_CONFIG_GLOBALCONFIG = /app/etc/npmrc
# environment
GTK_MODULES = gail:atk-bridge
# environment
USER = alprival
# environment
DISPLAY = :99.0
# default
MAKE_VERSION := 4.3
# environment
MANAGERPID = 1732538
# environment
GIO_LAUNCHED_DESKTOP_FILE_PID = 1734096
# makefile (from 'Makefile', line 34)
SOURCES_DIR = srcs
# environment
SSH_AGENT_PID = 1732786
# environment
_ = /usr/bin/make
# makefile (from 'Makefile', line 5)
MINILIBX_PATH = ./libs/mlx
# environment
XDG_RUNTIME_DIR = /run/user/101021
# makefile (from 'Makefile', line 48)
CFLAGS = -g 
# environment
GPG_AGENT_INFO = /run/user/101021/gnupg/S.gpg-agent:0:1
# environment
PULSE_CLIENTCONFIG = /run/flatpak/pulse/config
# environment
JOURNAL_STREAM = 9:7284522
# environment
XDG_SESSION_CLASS = user
# environment
VSCODE_AMD_ENTRYPOINT = vs/workbench/api/node/extensionHostProcess
# environment
HOME = /nfs/homes/alprival
# environment
QT_IM_MODULE = ibus
# environment
ELECTRON_RUN_AS_NODE = 1
# environment
VSCODE_IPC_HOOK = /run/user/101021/vscode-f40b4eae-1.67.0-main.sock
# environment
IM_CONFIG_PHASE = 1
# default
.RECIPEPREFIX := 
# automatic
<F = $(notdir $<)
# default
SUFFIXES := 
# environment
XDG_CACHE_HOME = /nfs/homes/alprival/.var/app/com.visualstudio.code/cache
# environment
VSCODE_CLI = 1
# environment
ELECTRON_NO_ATTACH_CONSOLE = 1
# environment
XDG_GREETER_DATA_DIR = /var/lib/lightdm-data/alprival
# default
.FEATURES := target-specific order-only second-expansion else-if shortest-stem undefine oneshell nocomment grouped-target extra-prereqs archives jobserver output-sync check-symlink load
# makefile (from 'Makefile', line 45)
CC = gcc
# environment
FLATPAK_ID = com.visualstudio.code
# makefile (from 'Makefile', line 39)
SOURCES = $(addprefix $(SOURCES_DIR)/, $(SOURCES_FILES))
# environment
XDG_MENU_PREFIX = gnome-
# makefile (from 'Makefile', line 35)
BONUS_DIR = srcs_bonus
# environment
ZYPAK_BIN = /app/bin
# environment
GDMSESSION = ubuntu
# variable set hash-table stats:
# Load=137/1024=13%, Rehash=0, Collisions=22/193=11%

# Pattern-specific Variable Values

# No pattern-specific variable values.

# Directories

# . (device 58, inode 66060754): 8 files, no impossibilities.

# 8 files, no impossibilities in 1 directories.

# Implicit Rules

# No implicit rules.

# Files

.c.o:
#  Implicit rule search has not been done.
#  Modification time never checked.
#  File has not been updated.
#  recipe to execute (from 'Makefile', line 52):
				$(CC) $(CFLAGS) -c $< -o $(<:.c=.o)

# Not a target:
srcs/ft_stone_wall_init.o:
#  Implicit rule search has been done.
#  Last modified 2022-06-18 14:44:07.043461144
#  File has been updated.
#  Successfully updated.

# Not a target:
srcs/ft_parse_texture_map.o:
#  Implicit rule search has been done.
#  Last modified 2022-06-18 14:44:07.139459557
#  File has been updated.
#  Successfully updated.

srcs/so_long: libs/libft/libft.a libs/mlx/libmlx.a srcs/so_long.o srcs/ft_parsing.o srcs/ft_structure_tree.o srcs/ft_structure_biomes.o srcs/ft_move_textures.o srcs/ft_move_check.o srcs/ft_init_texture_map.o srcs/ft_init_texture_map_two.o srcs/ft_init_texture_character.o srcs/ft_animation_player.o srcs/ft_init_texture_mobs.o srcs/ft_destroy_image_one.o srcs/ft_destroy_image_two.o srcs/ft_stone_wall_init.o srcs/ft_wall_init.o srcs/ft_check_texture.o srcs/ft_parse_texture_map.o srcs/ft_slimbiome_init.o srcs/ft_water_init.o srcs/ft_plains_init.o srcs/ft_init_texture_map_three.o srcs/ft_move_texture_chest.o srcs/ft_road_grass_slimebiome.o srcs/so_long.h
#  Implicit rule search has not been done.
#  Implicit/static pattern stem: ''
#  File does not exist.
#  File has been updated.
#  Needs to be updated (-q is set).
# automatic
# @ := srcs/so_long
# automatic
# * := 
# automatic
# < := libs/libft/libft.a
# automatic
# + := libs/libft/libft.a libs/mlx/libmlx.a srcs/so_long.o srcs/ft_parsing.o srcs/ft_structure_tree.o srcs/ft_structure_biomes.o srcs/ft_move_textures.o srcs/ft_move_check.o srcs/ft_init_texture_map.o srcs/ft_init_texture_map_two.o srcs/ft_init_texture_character.o srcs/ft_animation_player.o srcs/ft_init_texture_mobs.o srcs/ft_destroy_image_one.o srcs/ft_destroy_image_two.o srcs/ft_stone_wall_init.o srcs/ft_wall_init.o srcs/ft_check_texture.o srcs/ft_parse_texture_map.o srcs/ft_slimbiome_init.o srcs/ft_water_init.o srcs/ft_plains_init.o srcs/ft_init_texture_map_three.o srcs/ft_move_texture_chest.o srcs/ft_road_grass_slimebiome.o srcs/so_long.h
# automatic
# % := 
# automatic
 
# ^ := libs/libft/libft.a libs/mlx/libmlx.a srcs/so_long.o srcs/ft_parsing.o srcs/ft_structure_tree.o srcs/ft_structure_biomes.o srcs/ft_move_textures.o srcs/ft_move_check.o srcs/ft_init_texture_map.o srcs/ft_init_texture_map_two.o srcs/ft_init_texture_character.o srcs/ft_animation_player.o srcs/ft_init_texture_mobs.o srcs/ft_destroy_image_one.o srcs/ft_destroy_image_two.o srcs/ft_stone_wall_init.o srcs/ft_wall_init.o srcs/ft_check_texture.o srcs/ft_parse_texture_map.o srcs/ft_slimbiome_init.o srcs/ft_water_init.o srcs/ft_plains_init.o srcs/ft_init_texture_map_three.o srcs/ft_move_texture_chest.o srcs/ft_road_grass_slimebiome.o srcs/so_long.h
# automatic
# ? := libs/libft/libft.a libs/mlx/libmlx.a srcs/so_long.o srcs/ft_parsing.o srcs/ft_structure_tree.o srcs/ft_structure_biomes.o srcs/ft_move_textures.o srcs/ft_move_check.o srcs/ft_init_texture_map.o srcs/ft_init_texture_map_two.o srcs/ft_init_texture_character.o srcs/ft_animation_player.o srcs/ft_init_texture_mobs.o srcs/ft_destroy_image_one.o srcs/ft_destroy_image_two.o srcs/ft_stone_wall_init.o srcs/ft_wall_init.o srcs/ft_check_texture.o srcs/ft_parse_texture_map.o srcs/ft_slimbiome_init.o srcs/ft_water_init.o srcs/ft_plains_init.o srcs/ft_init_texture_map_three.o srcs/ft_move_texture_chest.o srcs/ft_road_grass_slimebiome.o srcs/so_long.h
# automatic
# | := 
# variable set hash-table stats:
# Load=8/32=25%, Rehash=0, Collisions=3/19=16%
#  recipe to execute (from 'Makefile', line 59):
				$(CC) $(CFLAGS) $(OBJECTS) $(MLXFLAGS) -o $(NAME)

libs/mlx/libmlx.a:
#  Implicit rule search has not been done.
#  Last modified 2022-06-18 14:44:05.531486144
#  File has been updated.
#  Successfully updated.
#  recipe to execute (from 'Makefile', line 65):
				$(MAKE) -C $(MINILIBX_PATH)

# Not a target:
srcs/ft_move_texture_chest.o:
#  Implicit rule search has been done.
#  Last modified 2022-06-18 14:44:07.307456779
#  File has been updated.
#  Successfully updated.

minilibx:
#  Phony target (prerequisite of .PHONY).
#  Implicit rule search has not been done.
#  File does not exist.
#  File has not been updated.

# Not a target:
Makefile:
#  Implicit rule search has been done.
#  Last modified 2022-06-18 14:44:00.883562999
#  File has been updated.
#  Successfully updated.

# Not a target:
srcs/ft_structure_biomes.o:
#  Implicit rule search has been done.
#  Last modified 2022-06-18 14:44:06.691466964
#  File has been updated.
#  Successfully updated.

# Not a target:
srcs/ft_init_texture_map.o:
#  Implicit rule search has been done.
#  Last modified 2022-06-18 14:44:06.807465046
#  File has been updated.
#  Successfully updated.

# Not a target:
srcs/ft_init_texture_map_three.o:
#  Implicit rule search has been done.
#  Last modified 2022-06-18 14:44:07.275457307
#  File has been updated.
#  Successfully updated.

# Not a target:
srcs/ft_wall_init.o:
#  Implicit rule search has been done.
#  Last modified 2022-06-18 14:44:07.075460615
#  File has been updated.
#  Successfully updated.

# Not a target:
srcs/so_long.o:
#  Implicit rule search has been done.
#  Last modified 2022-06-18 14:44:06.591468618
#  File has been updated.
#  Successfully updated.

bonus:
#  Phony target (prerequisite of .PHONY).
#  Implicit rule search has not been done.
#  File does not exist.
#  File has not been updated.

clean:
#  Phony target (prerequisite of .PHONY).
#  Implicit rule search has not been done.
#  File does not exist.
#  File has not been updated.
#  recipe to execute (from 'Makefile', line 68):
				$(MAKE) -C $(LIBFT_PATH) clean
				$(MAKE) -C $(MINILIBX_PATH) clean
				$(RM) $(OBJECTS) $(OBJECTS_BONUS)

re: fclean all
#  Phony target (prerequisite of .PHONY).
#  Implicit rule search has not been done.
#  File does not exist.
#  File has not been updated.

# Not a target:
srcs/ft_road_grass_slimebiome.o:
#  Implicit rule search has been done.
#  Last modified 2022-06-18 14:44:07.339456249
#  File has been updated.
#  Successfully updated.

libs/libft/libft.a:
#  Implicit rule search has not been done.
#  Last modified 2022-06-18 14:44:03.943512402
#  File has been updated.
#  Successfully updated.
#  recipe to execute (from 'Makefile', line 62):
				$(MAKE) -C $(LIBFT_PATH)

# Not a target:
srcs/ft_init_texture_map_two.o:
#  Implicit rule search has been done.
#  Last modified 2022-06-18 14:44:06.84346445
#  File has been updated.
#  Successfully updated.

# Not a target:
srcs/ft_parsing.o:
#  Implicit rule search has been done.
#  Last modified 2022-06-18 14:44:06.627468022
#  File has been updated.
#  Successfully updated.

# Not a target:
.DEFAULT:
#  Implicit rule search has not been done.
#  Modification time never checked.
#  File has not been updated.

all: srcs/so_long
#  Phony target (prerequisite of .PHONY).
#  Command line target.
#  Implicit rule search has not been done.
#  File does not exist.
#  File has been updated.
#  Needs to be updated (-q is set).
# variable set hash-table stats:
# Load=0/32=0%, Rehash=0, Collisions=0/11=0%

fclean: clean
#  Phony target (prerequisite of .PHONY).
#  Implicit rule search has not been done.
#  File does not exist.
#  File has not been updated.
#  recipe to execute (from 'Makefile', line 73):
				$(MAKE) -C $(LIBFT_PATH) fclean
				$(RM) $(NAME) $(NAME_BONUS)

# Not a target:
srcs/ft_structure_tree.o:
#  Implicit rule search has been done.
#  Last modified 2022-06-18 14:44:06.659467494
#  File has been updated.
#  Successfully updated.

# Not a target:
srcs/ft_check_texture.o:
#  Implicit rule search has been done.
#  Last modified 2022-06-18 14:44:07.11146002
#  File has been updated.
#  Successfully updated.

# Not a target:
srcs/ft_slimbiome_init.o:
#  Implicit rule search has been done.
#  Last modified 2022-06-18 14:44:07.175458961
#  File has been updated.
#  Successfully updated.

# Not a target:
srcs/so_long.h:
#  Implicit rule search has been done.
#  Last modified 2022-06-18 14:41:55.221640256
#  File has been updated.
#  Successfully updated.

# Not a target:
srcs/ft_destroy_image_two.o:
#  Implicit rule search has been done.
#  Last modified 2022-06-18 14:44:07.011461673
#  File has been updated.
#  Successfully updated.

# Not a target:
srcs/ft_destroy_image_one.o:
#  Implicit rule search has been done.
#  Last modified 2022-06-18 14:44:06.979462202
#  File has been updated.
#  Successfully updated.

# Not a target:
srcs/ft_init_texture_character.o:
#  Implicit rule search has been done.
#  Last modified 2022-06-18 14:44:06.875463922
#  File has been updated.
#  Successfully updated.

libft:
#  Phony target (prerequisite of .PHONY).
#  Implicit rule search has not been done.
#  File does not exist.
#  File has not been updated.

# Not a target:
srcs/ft_move_check.o:
#  Implicit rule search has been done.
#  Last modified 2022-06-18 14:44:06.771465641
#  File has been updated.
#  Successfully updated.

# Not a target:
srcs/ft_move_textures.o:
#  Implicit rule search has been done.
#  Last modified 2022-06-18 14:44:06.731466303
#  File has been updated.
#  Successfully updated.

# Not a target:
srcs/ft_plains_init.o:
#  Implicit rule search has been done.
#  Last modified 2022-06-18 14:44:07.247457771
#  File has been updated.
#  Successfully updated.

# Not a target:
srcs/ft_water_init.o:
#  Implicit rule search has been done.
#  Last modified 2022-06-18 14:44:07.207458432
#  File has been updated.
#  Successfully updated.

# Not a target:
srcs/ft_animation_player.o:
#  Implicit rule search has been done.
#  Last modified 2022-06-18 14:44:06.915463261
#  File has been updated.
#  Successfully updated.

# Not a target:
.SUFFIXES:
#  Implicit rule search has not been done.
#  Modification time never checked.
#  File has not been updated.

.PHONY: all clean fclean re libft minilibx bonus
#  Implicit rule search has not been done.
#  Modification time never checked.
#  File has not been updated.

# Not a target:
srcs/ft_init_texture_mobs.o:
#  Implicit rule search has been done.
#  Last modified 2022-06-18 14:44:06.939462863
#  File has been updated.
#  Successfully updated.

# files hash-table stats:
# Load=39/1024=4%, Rehash=0, Collisions=0/91=0%
# VPATH Search Paths

# No 'vpath' search paths.

# No general ('VPATH' variable) search path.

# strcache buffers: 1 (0) / strings = 47 / storage = 783 B / avg = 16 B
# current buf: size = 8162 B / used = 783 B / count = 47 / avg = 16 B

# strcache performance: lookups = 74 / hit rate = 36%
# hash-table stats:
# Load=47/8192=1%, Rehash=0, Collisions=0/74=0%
# Finished Make data base on Sat Jun 18 14:44:10 2022

 
